#
# There is insufficient memory for the Java Runtime Environment to continue.
# Native memory allocation (malloc) failed to allocate 1048576 bytes for AllocateHeap
# Possible reasons:
#   The system is out of physical RAM or swap space
#   The process is running with CompressedOops enabled, and the Java Heap may be blocking the growth of the native heap
# Possible solutions:
#   Reduce memory load on the system
#   Increase physical memory or swap space
#   Check if swap backing store is full
#   Decrease Java heap size (-Xmx/-Xms)
#   Decrease number of Java threads
#   Decrease Java thread stack sizes (-Xss)
#   Set larger code cache with -XX:ReservedCodeCacheSize=
#   JVM is running with Zero Based Compressed Oops mode in which the Java heap is
#     placed in the first 32GB address space. The Java Heap base address is the
#     maximum limit for the native heap growth. Please use -XX:HeapBaseMinAddress
#     to set the Java Heap base and to place the Java Heap above 32GB virtual address.
# This output file may be truncated or incomplete.
#
#  Out of Memory Error (memory/allocation.inline.hpp:61), pid=24832, tid=0x00000000000060ec
#
# JRE version:  (8.0_251-b08) (build )
# Java VM: Java HotSpot(TM) 64-Bit Server VM (25.251-b08 mixed mode windows-amd64 compressed oops)
# Failed to write core dump. Minidumps are not enabled by default on client versions of Windows
#

---------------  T H R E A D  ---------------

Current thread (0x00000000010be800):  JavaThread "Unknown thread" [_thread_in_vm, id=24812, stack(0x0000000000f80000,0x0000000001080000)]

Stack: [0x0000000000f80000,0x0000000001080000]
[error occurred during error reporting (printing stack bounds), id 0xc0000005]

Native frames: (J=compiled Java code, j=interpreted, Vv=VM code, C=native code)


---------------  P R O C E S S  ---------------

Java Threads: ( => current thread )

Other Threads:

=>0x00000000010be800 (exited) JavaThread "Unknown thread" [_thread_in_vm, id=24812, stack(0x0000000000f80000,0x0000000001080000)]

VM state:not at safepoint (normal execution)

VM Mutex/Monitor currently owned by a thread: None

heap address: 0x00000006c1e00000, size: 4066 MB, Compressed Oops mode: Zero based, Oop shift amount: 3
Narrow klass base: 0x0000000000000000, Narrow klass shift: 3
Compressed class space size: 1073741824 Address: 0x00000007c0000000

Heap:
 PSYoungGen      total 76288K, used 1310K [0x000000076b500000, 0x0000000770a00000, 0x00000007c0000000)
  eden space 65536K, 2% used [0x000000076b500000,0x000000076b647af0,0x000000076f500000)
  from space 10752K, 0% used [0x000000076ff80000,0x000000076ff80000,0x0000000770a00000)
  to   space 10752K, 0% used [0x000000076f500000,0x000000076f500000,0x000000076ff80000)
 ParOldGen       total 175104K, used 0K [0x00000006c1e00000, 0x00000006cc900000, 0x000000076b500000)
  object space 175104K, 0% used [0x00000006c1e00000,0x00000006c1e00000,0x00000006cc900000)
 Metaspace       used 752K, capacity 4480K, committed 4480K, reserved 1056768K
  class space    used 76K, capacity 384K, committed 384K, reserved 1048576K

Card table byte_map: [0x0000000001580000,0x0000000001d80000] byte_map_base: 0xfffffffffdf71000

Marking Bits: (ParMarkBitMap*) 0x0000000077b4af90
 Begin Bits: [0x0000000016080000, 0x000000001a008000)
 End Bits:   [0x000000001a008000, 0x000000001df90000)

Polling page: 0x0000000001080000

CodeCache: size=245760Kb used=328Kb max_used=328Kb free=245431Kb
 bounds [0x0000000007080000, 0x00000000072f0000, 0x0000000016080000]
 total_blobs=58 nmethods=0 adapters=38
 compilation: enabled

Compilation events (0 events):
No events

GC Heap History (0 events):
No events

Deoptimization events (0 events):
No events

Classes redefined (0 events):
No events

Internal exceptions (0 events):
No events

Events (10 events):
Event: 0.083 loading class java/lang/Short
Event: 0.083 loading class java/lang/Short done
Event: 0.083 loading class java/lang/Integer
Event: 0.084 loading class java/lang/Integer done
Event: 0.084 loading class java/lang/Long
Event: 0.084 loading class java/lang/Long done
Event: 0.087 loading class java/lang/NullPointerException
Event: 0.088 loading class java/lang/NullPointerException done
Event: 0.088 loading class java/lang/ArithmeticException
Event: 0.088 loading class java/lang/ArithmeticException done


Dynamic libraries:
0x00007ff622660000 - 0x00007ff622697000 	C:\Program Files\Java\jre1.8.0_251\bin\javaw.exe
0x00007fff5eb60000 - 0x00007fff5ed50000 	C:\WINDOWS\SYSTEM32\ntdll.dll
0x00007fff5dc50000 - 0x00007fff5dd02000 	C:\WINDOWS\System32\KERNEL32.DLL
0x00007fff5be00000 - 0x00007fff5c0a5000 	C:\WINDOWS\System32\KERNELBASE.dll
0x00007fff5ea70000 - 0x00007fff5eb13000 	C:\WINDOWS\System32\ADVAPI32.DLL
0x00007fff5e870000 - 0x00007fff5e90e000 	C:\WINDOWS\System32\msvcrt.dll
0x00007fff5e3b0000 - 0x00007fff5e447000 	C:\WINDOWS\System32\sechost.dll
0x00007fff5ddf0000 - 0x00007fff5df10000 	C:\WINDOWS\System32\RPCRT4.dll
0x0000000051dc0000 - 0x0000000051e53000 	C:\WINDOWS\System32\SYSFER.DLL
0x0000000076b20000 - 0x0000000076e49000 	C:\ProgramData\Symantec\Symantec Endpoint Protection\14.2.5323.2000.105\Data\Definitions\IPSDefs\20201019.061\IPSEng64.dll
0x00007fff5d080000 - 0x00007fff5d088000 	C:\WINDOWS\System32\PSAPI.DLL
0x00007fff5e210000 - 0x00007fff5e3a4000 	C:\WINDOWS\System32\USER32.dll
0x00007fff5c440000 - 0x00007fff5c461000 	C:\WINDOWS\System32\win32u.dll
0x00007fff5dfd0000 - 0x00007fff5dff6000 	C:\WINDOWS\System32\GDI32.dll
0x00007fff5bb70000 - 0x00007fff5bd06000 	C:\WINDOWS\System32\gdi32full.dll
0x00007fff5bd10000 - 0x00007fff5bdae000 	C:\WINDOWS\System32\msvcp_win.dll
0x00007fff5c0b0000 - 0x00007fff5c1aa000 	C:\WINDOWS\System32\ucrtbase.dll
0x00007fff41e40000 - 0x00007fff420c4000 	C:\WINDOWS\WinSxS\amd64_microsoft.windows.common-controls_6595b64144ccf1df_6.0.18362.1139_none_9e7bf2d3e4605ac6\COMCTL32.dll
0x00007fff5e450000 - 0x00007fff5e785000 	C:\WINDOWS\System32\combase.dll
0x00007fff5baf0000 - 0x00007fff5bb70000 	C:\WINDOWS\System32\bcryptPrimitives.dll
0x00007fff5e790000 - 0x00007fff5e7be000 	C:\WINDOWS\System32\IMM32.DLL
0x00007fff41b60000 - 0x00007fff41c68000 	C:\Program Files (x86)\Citrix\ICA Client\epclient64.dll
0x00007fff5a6d0000 - 0x00007fff5a701000 	C:\WINDOWS\SYSTEM32\ntmarta.dll
0x00007fff391c0000 - 0x00007fff3922d000 	C:\Program Files\Manufacturer\Endpoint Agent\prntm64.dll
0x00007fff5dd90000 - 0x00007fff5dde2000 	C:\WINDOWS\System32\SHLWAPI.dll
0x00007fff5d780000 - 0x00007fff5d8d7000 	C:\WINDOWS\System32\ole32.dll
0x00007fff5db10000 - 0x00007fff5dbd5000 	C:\WINDOWS\System32\OLEAUT32.dll
0x00007fff45260000 - 0x00007fff4526c000 	C:\WINDOWS\SYSTEM32\Secur32.dll
0x00007fff40550000 - 0x00007fff405d9000 	C:\WINDOWS\SYSTEM32\WINSPOOL.DRV
0x00007fff5bad0000 - 0x00007fff5bae1000 	C:\WINDOWS\System32\kernel.appcore.dll
0x0000000006ab0000 - 0x0000000006ad6000 	C:\WINDOWS\System32\bcrypt.dll
0x00007fff432d0000 - 0x00007fff433bf000 	C:\WINDOWS\SYSTEM32\MSVCR120.dll
0x00007fff42f40000 - 0x00007fff42fe6000 	C:\WINDOWS\SYSTEM32\MSVCP120.dll
0x00007fff54290000 - 0x00007fff54380000 	C:\WINDOWS\SYSTEM32\PROPSYS.dll
0x0000000006ae0000 - 0x0000000006b89000 	C:\WINDOWS\System32\shcore.dll
0x00007fff5ae20000 - 0x00007fff5ae5a000 	C:\WINDOWS\SYSTEM32\IPHLPAPI.DLL
0x00007fff5b930000 - 0x00007fff5b967000 	C:\WINDOWS\SYSTEM32\SSPICLI.DLL
0x00007fff5b210000 - 0x00007fff5b32f000 	C:\Program Files\Avecto\Privilege Guard Client\PGHook.dll
0x00007fff5d090000 - 0x00007fff5d777000 	C:\WINDOWS\System32\shell32.dll
0x00007fff5bdb0000 - 0x00007fff5bdfa000 	C:\WINDOWS\System32\cfgmgr32.dll
0x00007fff5c470000 - 0x00007fff5cbf0000 	C:\WINDOWS\System32\windows.storage.dll
0x00007fff5ba80000 - 0x00007fff5baa3000 	C:\WINDOWS\System32\profapi.dll
0x00007fff5ba30000 - 0x00007fff5ba7a000 	C:\WINDOWS\System32\powrprof.dll
0x00007fff5ba20000 - 0x00007fff5ba30000 	C:\WINDOWS\System32\UMPDC.dll
0x00007fff5cbf0000 - 0x00007fff5cc07000 	C:\WINDOWS\System32\cryptsp.dll
0x00007fff5af40000 - 0x00007fff5af73000 	C:\WINDOWS\system32\rsaenh.dll
0x00007fff5b440000 - 0x00007fff5b44c000 	C:\WINDOWS\SYSTEM32\CRYPTBASE.dll
0x0000000068000000 - 0x000000006806c000 	C:\WINDOWS\System32\QIPCAP64.dll
0x00007fff5ae70000 - 0x00007fff5af3b000 	C:\WINDOWS\SYSTEM32\DNSAPI.dll
0x00007fff5dbe0000 - 0x00007fff5dc4f000 	C:\WINDOWS\System32\WS2_32.dll
0x00007fff5d8e0000 - 0x00007fff5d8e8000 	C:\WINDOWS\System32\NSI.dll
0x0000000076a40000 - 0x0000000076b12000 	C:\Program Files\Java\jre1.8.0_251\bin\msvcr100.dll
0x0000000077320000 - 0x0000000077bcb000 	C:\Program Files\Java\jre1.8.0_251\bin\server\jvm.dll
0x00007fff43680000 - 0x00007fff43689000 	C:\WINDOWS\SYSTEM32\WSOCK32.dll
0x00007fff525d0000 - 0x00007fff525f4000 	C:\WINDOWS\SYSTEM32\WINMM.dll
0x00007fff52350000 - 0x00007fff5235a000 	C:\WINDOWS\SYSTEM32\VERSION.dll
0x00007fff525a0000 - 0x00007fff525cd000 	C:\WINDOWS\SYSTEM32\WINMMBASE.dll
0x00007fff49df0000 - 0x00007fff49dff000 	C:\Program Files\Java\jre1.8.0_251\bin\verify.dll
0x00007fff35a80000 - 0x00007fff35aa9000 	C:\Program Files\Java\jre1.8.0_251\bin\java.dll
0x00007fff37070000 - 0x00007fff37086000 	C:\Program Files\Java\jre1.8.0_251\bin\zip.dll

VM Arguments:
jvm_args: -Dfile.encoding=Cp1252 
java_command: sef.module3.activity.OperatorActivity
java_class_path (initial): C:\JavaBootCamp\SEF\bin;C:\JavaBootCamp\SEF\lib\mysql-connector-java-5.1.6-bin.jar;C:\JavaBootCamp\SEF\lib\commons-logging.jar;C:\JavaBootCamp\SEF\lib\junit.jar;C:\Users\hafiz.mahmood\.p2\pool\plugins\org.junit_4.13.0.v20200204-1500.jar;C:\Users\hafiz.mahmood\.p2\pool\plugins\org.hamcrest.core_1.3.0.v20180420-1519.jar
Launcher Type: SUN_STANDARD

Environment Variables:
PATH=C:/Program Files/Java/jre1.8.0_251/bin/server;C:/Program Files/Java/jre1.8.0_251/bin;C:/Program Files/Java/jre1.8.0_251/lib/amd64;C:\Program Files (x86)\Common Files\Oracle\Java\javapath;C:\WINDOWS\system32;C:\WINDOWS;C:\WINDOWS\System32\Wbem;C:\WINDOWS\System32\WindowsPowerShell\v1.0\;C:\WINDOWS\System32\OpenSSH\;C:\Program Files\dotnet\;C:\Program Files\Microsoft SQL Server\130\Tools\Binn\;C:\Program Files\Microsoft SQL Server\Client SDK\ODBC\170\Tools\Binn\;C:\Program Files\Git\cmd;C:\Program Files\nodejs\;C:\Program Files\Microsoft VS Code\bin;C:\Program Files\Intel\WiFi\bin\;C:\Program Files\Common Files\Intel\WirelessCommon\;C:\Program Files\Gemalto\Classic Client\BIN;C:\Program Files (x86)\Gemalto\Classic Client\BIN;C:\Program Files (x86)\Oberthur Technologies\AWP\Dlls;C:\Program Files\Oberthur Technologies\AWP\Dlls;C:\Program Files (x86)\eParaksts Token Signing\;C:\Program Files\Java\jdk1.8.0_251\bin;C:\Program Files\Java\jre1.8.0_251\bin;C:\Ruby27-x64\bin;C:\Program Files\MySQL\MySQL Shell 8.0\bin\;C:\Users\hafiz.mahmood\AppData\Local\Microsoft\WindowsApps;C:\Users\hafiz.mahmood\AppData\Local\Programs\Microsoft VS Code\bin;C:\Users\hafiz.mahmood\.dotnet\tools;C:\Users\hafiz.mahmood\AppData\Local\GitHubDesktop\bin;C:\Users\hafiz.mahmood\AppData\Roaming\npm;C:\Users\hafiz.mahmood\AppData\Local\Microsoft\WindowsApps;C:\Users\hafiz.mahmood\AppData\Local\JetBrains\IntelliJ IDEA Community Edition 2020.1.2\bin;;C:\Program Files\Java\jdk1.8.0_251\bin;C:\Program Files\Java\jre1.8.0_251\bin;C:\WINDOWS\system32;
USERNAME=hafiz.mahmood
OS=Windows_NT
PROCESSOR_IDENTIFIER=Intel64 Family 6 Model 142 Stepping 9, GenuineIntel



---------------  S Y S T E M  ---------------

OS: Windows 10.0 , 64 bit Build 18362 (10.0.18362.1110)

CPU:total 4 (initial active 4) (2 cores per cpu, 2 threads per core) family 6 model 142 stepping 9, cmov, cx8, fxsr, mmx, sse, sse2, sse3, ssse3, sse4.1, sse4.2, popcnt, avx, avx2, aes, clmul, erms, rtm, 3dnowpref, lzcnt, ht, tsc, tscinvbit, bmi1, bmi2, adx

Memory: 4k page, physical 16649412k(4946248k free), swap 20237508k(5456k free)

vm_info: Java HotSpot(TM) 64-Bit Server VM (25.251-b08) for windows-amd64 JRE (1.8.0_251-b08), built on Mar 12 2020 06:31:49 by "" with MS VC++ 10.0 (VS2010)

time: Tue Oct 20 10:16:35 2020
timezone: FLE Daylight Time
elapsed time: 0 seconds (0d 0h 0m 0s)

